g:\users\ping998\desktop\projects\c++ projects\opengl\re-learning-opengl\7 - camera\myopenglproject\x64\debug\vc143.pdb
g:\users\ping998\desktop\projects\c++ projects\opengl\re-learning-opengl\7 - camera\myopenglproject\x64\debug\vc143.idb
g:\users\ping998\desktop\projects\c++ projects\opengl\re-learning-opengl\7 - camera\myopenglproject\x64\debug\vbo.obj
g:\users\ping998\desktop\projects\c++ projects\opengl\re-learning-opengl\7 - camera\myopenglproject\x64\debug\vao.obj
g:\users\ping998\desktop\projects\c++ projects\opengl\re-learning-opengl\7 - camera\myopenglproject\x64\debug\texture.obj
g:\users\ping998\desktop\projects\c++ projects\opengl\re-learning-opengl\7 - camera\myopenglproject\x64\debug\stb.obj
g:\users\ping998\desktop\projects\c++ projects\opengl\re-learning-opengl\7 - camera\myopenglproject\x64\debug\shaderclass.obj
g:\users\ping998\desktop\projects\c++ projects\opengl\re-learning-opengl\7 - camera\myopenglproject\x64\debug\main.obj
g:\users\ping998\desktop\projects\c++ projects\opengl\re-learning-opengl\7 - camera\myopenglproject\x64\debug\ebo.obj
g:\users\ping998\desktop\projects\c++ projects\opengl\re-learning-opengl\7 - camera\myopenglproject\x64\debug\camera.obj
g:\users\ping998\desktop\projects\c++ projects\opengl\re-learning-opengl\7 - camera\myopenglproject\x64\debug\glad.obj
g:\users\ping998\desktop\projects\c++ projects\opengl\re-learning-opengl\7 - camera\x64\debug\myopenglproject.exe
g:\users\ping998\desktop\projects\c++ projects\opengl\re-learning-opengl\7 - camera\x64\debug\myopenglproject.pdb
g:\users\ping998\desktop\projects\c++ projects\opengl\re-learning-opengl\7 - camera\myopenglproject\x64\debug\myopenglproject.ilk
g:\users\ping998\desktop\projects\c++ projects\opengl\re-learning-opengl\7 - camera\myopenglproject\x64\debug\myopenglproject.vcxproj.cppwinrt_comp.rsp
g:\users\ping998\desktop\projects\c++ projects\opengl\re-learning-opengl\7 - camera\myopenglproject\x64\debug\myopenglproject.vcxproj.cppwinrt_plat.rsp
g:\users\ping998\desktop\projects\c++ projects\opengl\re-learning-opengl\7 - camera\myopenglproject\x64\debug\myopenglproject.vcxproj.mdmerge.rsp
g:\users\ping998\desktop\projects\c++ projects\opengl\re-learning-opengl\7 - camera\myopenglproject\x64\debug\myopenglproject.vcxproj.midlrt.rsp
g:\users\ping998\desktop\projects\c++ projects\opengl\re-learning-opengl\7 - camera\myopenglproject\x64\debug\myopenglproject.tlog\cl.command.1.tlog
g:\users\ping998\desktop\projects\c++ projects\opengl\re-learning-opengl\7 - camera\myopenglproject\x64\debug\myopenglproject.tlog\cl.items.tlog
g:\users\ping998\desktop\projects\c++ projects\opengl\re-learning-opengl\7 - camera\myopenglproject\x64\debug\myopenglproject.tlog\cl.read.1.tlog
g:\users\ping998\desktop\projects\c++ projects\opengl\re-learning-opengl\7 - camera\myopenglproject\x64\debug\myopenglproject.tlog\cl.write.1.tlog
g:\users\ping998\desktop\projects\c++ projects\opengl\re-learning-opengl\7 - camera\myopenglproject\x64\debug\myopenglproject.tlog\link.command.1.tlog
g:\users\ping998\desktop\projects\c++ projects\opengl\re-learning-opengl\7 - camera\myopenglproject\x64\debug\myopenglproject.tlog\link.read.1.tlog
g:\users\ping998\desktop\projects\c++ projects\opengl\re-learning-opengl\7 - camera\myopenglproject\x64\debug\myopenglproject.tlog\link.secondary.1.tlog
g:\users\ping998\desktop\projects\c++ projects\opengl\re-learning-opengl\7 - camera\myopenglproject\x64\debug\myopenglproject.tlog\link.write.1.tlog
