g:\users\ping998\desktop\projects\c++ projects\opengl\midpointdisplacementopengl\midpoint.968e0399\x64\debug\vc143.pdb
g:\users\ping998\desktop\projects\c++ projects\opengl\midpointdisplacementopengl\midpoint.968e0399\x64\debug\vc143.idb
g:\users\ping998\desktop\projects\c++ projects\opengl\midpointdisplacementopengl\midpoint.968e0399\x64\debug\vbo.obj
g:\users\ping998\desktop\projects\c++ projects\opengl\midpointdisplacementopengl\midpoint.968e0399\x64\debug\vao.obj
g:\users\ping998\desktop\projects\c++ projects\opengl\midpointdisplacementopengl\midpoint.968e0399\x64\debug\texture.obj
g:\users\ping998\desktop\projects\c++ projects\opengl\midpointdisplacementopengl\midpoint.968e0399\x64\debug\stb.obj
g:\users\ping998\desktop\projects\c++ projects\opengl\midpointdisplacementopengl\midpoint.968e0399\x64\debug\shaderclass.obj
g:\users\ping998\desktop\projects\c++ projects\opengl\midpointdisplacementopengl\midpoint.968e0399\x64\debug\mesh.obj
g:\users\ping998\desktop\projects\c++ projects\opengl\midpointdisplacementopengl\midpoint.968e0399\x64\debug\main.obj
g:\users\ping998\desktop\projects\c++ projects\opengl\midpointdisplacementopengl\midpoint.968e0399\x64\debug\imgui_widgets.obj
g:\users\ping998\desktop\projects\c++ projects\opengl\midpointdisplacementopengl\midpoint.968e0399\x64\debug\imgui_tables.obj
g:\users\ping998\desktop\projects\c++ projects\opengl\midpointdisplacementopengl\midpoint.968e0399\x64\debug\imgui_impl_opengl3.obj
g:\users\ping998\desktop\projects\c++ projects\opengl\midpointdisplacementopengl\midpoint.968e0399\x64\debug\imgui_impl_glfw.obj
g:\users\ping998\desktop\projects\c++ projects\opengl\midpointdisplacementopengl\midpoint.968e0399\x64\debug\imgui_draw.obj
g:\users\ping998\desktop\projects\c++ projects\opengl\midpointdisplacementopengl\midpoint.968e0399\x64\debug\imgui_demo.obj
g:\users\ping998\desktop\projects\c++ projects\opengl\midpointdisplacementopengl\midpoint.968e0399\x64\debug\imgui.obj
g:\users\ping998\desktop\projects\c++ projects\opengl\midpointdisplacementopengl\midpoint.968e0399\x64\debug\ebo.obj
g:\users\ping998\desktop\projects\c++ projects\opengl\midpointdisplacementopengl\midpoint.968e0399\x64\debug\camera.obj
g:\users\ping998\desktop\projects\c++ projects\opengl\midpointdisplacementopengl\midpoint.968e0399\x64\debug\glad.obj
g:\users\ping998\desktop\projects\c++ projects\opengl\midpointdisplacementopengl\midpoint.968e0399\x64\debug\scene.obj
g:\users\ping998\desktop\projects\c++ projects\opengl\midpointdisplacementopengl\x64\debug\midpointdispopengl.exe
g:\users\ping998\desktop\projects\c++ projects\opengl\midpointdisplacementopengl\x64\debug\midpointdispopengl.pdb
g:\users\ping998\desktop\projects\c++ projects\opengl\midpointdisplacementopengl\midpoint.968e0399\x64\debug\midpointdispopengl.ilk
g:\users\ping998\desktop\projects\c++ projects\opengl\midpointdisplacementopengl\midpoint.968e0399\x64\debug\myopenglproject.vcxproj.cppwinrt_comp.rsp
g:\users\ping998\desktop\projects\c++ projects\opengl\midpointdisplacementopengl\midpoint.968e0399\x64\debug\myopenglproject.vcxproj.cppwinrt_plat.rsp
g:\users\ping998\desktop\projects\c++ projects\opengl\midpointdisplacementopengl\midpoint.968e0399\x64\debug\myopenglproject.vcxproj.mdmerge.rsp
g:\users\ping998\desktop\projects\c++ projects\opengl\midpointdisplacementopengl\midpoint.968e0399\x64\debug\myopenglproject.vcxproj.midlrt.rsp
g:\users\ping998\desktop\projects\c++ projects\opengl\midpointdisplacementopengl\midpoint.968e0399\x64\debug\midpoint.968e0399.tlog\cl.command.1.tlog
g:\users\ping998\desktop\projects\c++ projects\opengl\midpointdisplacementopengl\midpoint.968e0399\x64\debug\midpoint.968e0399.tlog\cl.items.tlog
g:\users\ping998\desktop\projects\c++ projects\opengl\midpointdisplacementopengl\midpoint.968e0399\x64\debug\midpoint.968e0399.tlog\cl.read.1.tlog
g:\users\ping998\desktop\projects\c++ projects\opengl\midpointdisplacementopengl\midpoint.968e0399\x64\debug\midpoint.968e0399.tlog\cl.write.1.tlog
g:\users\ping998\desktop\projects\c++ projects\opengl\midpointdisplacementopengl\midpoint.968e0399\x64\debug\midpoint.968e0399.tlog\link.command.1.tlog
g:\users\ping998\desktop\projects\c++ projects\opengl\midpointdisplacementopengl\midpoint.968e0399\x64\debug\midpoint.968e0399.tlog\link.read.1.tlog
g:\users\ping998\desktop\projects\c++ projects\opengl\midpointdisplacementopengl\midpoint.968e0399\x64\debug\midpoint.968e0399.tlog\link.secondary.1.tlog
g:\users\ping998\desktop\projects\c++ projects\opengl\midpointdisplacementopengl\midpoint.968e0399\x64\debug\midpoint.968e0399.tlog\link.write.1.tlog
