cl : command line  warning D9047: option 'await' has been deprecated and will be removed in a future release.
      Standard C++ coroutines are available by default in C++20 or later, or use '/await:strict' in earlier language modes.
  Camera.cpp
G:\Users\Ping998\Desktop\Projects\C++ Projects\OpenGL\MidpointDisplacementOpenGL\HelperFunctions.h(6,14): warning C4091: 'static ': ignored on left of 'HelperFunctions' when no variable is declared
  (compiling source file 'Camera.cpp')
  
  EBO.cpp
  HelperFunctions.cpp
G:\Users\Ping998\Desktop\Projects\C++ Projects\OpenGL\MidpointDisplacementOpenGL\HelperFunctions.h(6,14): warning C4091: 'static ': ignored on left of 'HelperFunctions' when no variable is declared
  (compiling source file 'HelperFunctions.cpp')
  
  imgui.cpp
  imgui_demo.cpp
  imgui_draw.cpp
  imgui_impl_glfw.cpp
  imgui_impl_opengl3.cpp
  imgui_tables.cpp
  imgui_widgets.cpp
  Main.cpp
G:\Users\Ping998\Desktop\Projects\C++ Projects\OpenGL\MidpointDisplacementOpenGL\Main.cpp(85,21): warning C4244: 'initializing': conversion from 'double' to 'float', possible loss of data
G:\Users\Ping998\Desktop\Projects\C++ Projects\OpenGL\MidpointDisplacementOpenGL\Main.cpp(91,21): warning C4244: 'initializing': conversion from 'double' to 'float', possible loss of data
  Mesh.cpp
G:\Users\Ping998\Desktop\Projects\C++ Projects\OpenGL\MidpointDisplacementOpenGL\Mesh.cpp(76,39): warning C4267: 'argument': conversion from 'size_t' to 'GLsizei', possible loss of data
  Scene.cpp
G:\Users\Ping998\Desktop\Projects\C++ Projects\OpenGL\MidpointDisplacementOpenGL\HelperFunctions.h(6,14): warning C4091: 'static ': ignored on left of 'HelperFunctions' when no variable is declared
  (compiling source file 'Scene.cpp')
  
G:\Users\Ping998\Desktop\Projects\C++ Projects\OpenGL\MidpointDisplacementOpenGL\Scene.cpp(103,16): warning C4244: 'initializing': conversion from 'float' to 'int', possible loss of data
  shaderClass.cpp
  stb.cpp
  Texture.cpp
  VAO.cpp
  VBO.cpp
  Generating Code...
cl : command line  warning D9047: option 'await' has been deprecated and will be removed in a future release.
      Standard C++ coroutines are available by default in C++20 or later, or use '/await:strict' in earlier language modes.
  glad.c
  MyOpenGLProject.vcxproj -> G:\Users\Ping998\Desktop\Projects\C++ Projects\OpenGL\MidpointDisplacementOpenGL\x64\Debug\MidpointDispOpenGL.exe
